<?xml version="1.0" encoding="UTF-8"?>
<!-- Generated by org.testng.reporters.JUnitReportReporter -->
<testsuite hostname="Daniel-PC" name="se.nackademin.examination.examination_jacoco.DataAnalysisTest" tests="6" failures="0" timestamp="18 Oct 2016 23:09:15 GMT" time="0.001" errors="0">
  <testcase name="test3" time="0.000" classname="se.nackademin.examination.examination_jacoco.DataAnalysisTest"/>
  <testcase name="test1" time="0.000" classname="se.nackademin.examination.examination_jacoco.DataAnalysisTest"/>
  <testcase name="test6" time="0.000" classname="se.nackademin.examination.examination_jacoco.DataAnalysisTest"/>
  <testcase name="test4" time="0.000" classname="se.nackademin.examination.examination_jacoco.DataAnalysisTest"/>
  <testcase name="test5" time="0.000" classname="se.nackademin.examination.examination_jacoco.DataAnalysisTest"/>
  <testcase name="test2" time="0.001" classname="se.nackademin.examination.examination_jacoco.DataAnalysisTest"/>
</testsuite> <!-- se.nackademin.examination.examination_jacoco.DataAnalysisTest -->
