<?xml version="1.0" encoding="UTF-8"?>
<!-- Generated by org.testng.reporters.JUnitReportReporter -->
<testsuite hostname="LAPTOP-OB6TME0K" name="se.nackademin.examination.examination_jacoco.ConversorTest" tests="6" failures="0" timestamp="19 Oct 2016 08:12:58 GMT" time="0.010" errors="0">
  <testcase name="testSetAgeConverterArrayValues" time="0.001" classname="se.nackademin.examination.examination_jacoco.ConversorTest"/>
  <testcase name="testSetGenderConverterArrayValue" time="0.001" classname="se.nackademin.examination.examination_jacoco.ConversorTest"/>
  <testcase name="testSetCityConverterArrayValues" time="0.005" classname="se.nackademin.examination.examination_jacoco.ConversorTest"/>
  <testcase name="testConversor" time="0.002" classname="se.nackademin.examination.examination_jacoco.ConversorTest"/>
  <testcase name="testgetAgeConverterArray" time="0.000" classname="se.nackademin.examination.examination_jacoco.ConversorTest"/>
  <testcase name="testGetGenderConverterArray" time="0.001" classname="se.nackademin.examination.examination_jacoco.ConversorTest"/>
</testsuite> <!-- se.nackademin.examination.examination_jacoco.ConversorTest -->
