<?xml version="1.0" encoding="UTF-8"?>
<!-- Generated by org.testng.reporters.JUnitReportReporter -->
<testsuite hostname="LAPTOP-OB6TME0K" name="se.nackademin.examination.examination_jacoco.MainTest" tests="1" failures="0" timestamp="19 Oct 2016 08:12:58 GMT" time="0.009" errors="0">
  <testcase name="testMainMethod" time="0.009" classname="se.nackademin.examination.examination_jacoco.MainTest"/>
</testsuite> <!-- se.nackademin.examination.examination_jacoco.MainTest -->
