<?xml version="1.0" encoding="UTF-8"?>
<!-- Generated by org.testng.reporters.JUnitReportReporter -->
<testsuite hostname="Daniel-PC" name="se.nackademin.examination.examination_jacoco.MainTest" tests="1" failures="0" timestamp="18 Oct 2016 23:09:15 GMT" time="0.005" errors="0">
  <testcase name="testMainMethod" time="0.005" classname="se.nackademin.examination.examination_jacoco.MainTest"/>
</testsuite> <!-- se.nackademin.examination.examination_jacoco.MainTest -->
