<?xml version="1.0" encoding="UTF-8"?>
<!-- Generated by org.testng.reporters.JUnitReportReporter -->
<testsuite hostname="Daniel-PC" name="se.nackademin.examination.examination_jacoco.GameTest" tests="13" failures="0" timestamp="18 Oct 2016 23:09:15 GMT" time="0.008" errors="0">
  <testcase name="testMethodRun7" time="0.000" classname="se.nackademin.examination.examination_jacoco.GameTest"/>
  <testcase name="testMethodRun4" time="0.000" classname="se.nackademin.examination.examination_jacoco.GameTest"/>
  <testcase name="testMethodRun8" time="0.001" classname="se.nackademin.examination.examination_jacoco.GameTest"/>
  <testcase name="testMethodRun5" time="0.000" classname="se.nackademin.examination.examination_jacoco.GameTest"/>
  <testcase name="testMethodRun12" time="0.000" classname="se.nackademin.examination.examination_jacoco.GameTest"/>
  <testcase name="testMethodRun11" time="0.000" classname="se.nackademin.examination.examination_jacoco.GameTest"/>
  <testcase name="testMethodRun6" time="0.000" classname="se.nackademin.examination.examination_jacoco.GameTest"/>
  <testcase name="testMethodRun3" time="0.001" classname="se.nackademin.examination.examination_jacoco.GameTest"/>
  <testcase name="testMethod1" time="0.001" classname="se.nackademin.examination.examination_jacoco.GameTest"/>
  <testcase name="testMethodRun9" time="0.001" classname="se.nackademin.examination.examination_jacoco.GameTest"/>
  <testcase name="testMethodRun2" time="0.000" classname="se.nackademin.examination.examination_jacoco.GameTest"/>
  <testcase name="testMethodRun10" time="0.004" classname="se.nackademin.examination.examination_jacoco.GameTest"/>
  <testcase name="testMethodRun" time="0.000" classname="se.nackademin.examination.examination_jacoco.GameTest"/>
</testsuite> <!-- se.nackademin.examination.examination_jacoco.GameTest -->
